{
 "cells": [
  {
   "cell_type": "code",
   "execution_count": 2,
   "id": "68852050",
   "metadata": {},
   "outputs": [
    {
     "ename": "KeyError",
     "evalue": "'Custo_Frete'",
     "output_type": "error",
     "traceback": [
      "\u001b[1;31m---------------------------------------------------------------------------\u001b[0m",
      "\u001b[1;31mKeyError\u001b[0m                                  Traceback (most recent call last)",
      "File \u001b[1;32m~\\anaconda3\\Lib\\site-packages\\pandas\\core\\indexes\\base.py:3791\u001b[0m, in \u001b[0;36mIndex.get_loc\u001b[1;34m(self, key)\u001b[0m\n\u001b[0;32m   3790\u001b[0m \u001b[38;5;28;01mtry\u001b[39;00m:\n\u001b[1;32m-> 3791\u001b[0m     \u001b[38;5;28;01mreturn\u001b[39;00m \u001b[38;5;28mself\u001b[39m\u001b[38;5;241m.\u001b[39m_engine\u001b[38;5;241m.\u001b[39mget_loc(casted_key)\n\u001b[0;32m   3792\u001b[0m \u001b[38;5;28;01mexcept\u001b[39;00m \u001b[38;5;167;01mKeyError\u001b[39;00m \u001b[38;5;28;01mas\u001b[39;00m err:\n",
      "File \u001b[1;32mindex.pyx:152\u001b[0m, in \u001b[0;36mpandas._libs.index.IndexEngine.get_loc\u001b[1;34m()\u001b[0m\n",
      "File \u001b[1;32mindex.pyx:181\u001b[0m, in \u001b[0;36mpandas._libs.index.IndexEngine.get_loc\u001b[1;34m()\u001b[0m\n",
      "File \u001b[1;32mpandas\\_libs\\hashtable_class_helper.pxi:7080\u001b[0m, in \u001b[0;36mpandas._libs.hashtable.PyObjectHashTable.get_item\u001b[1;34m()\u001b[0m\n",
      "File \u001b[1;32mpandas\\_libs\\hashtable_class_helper.pxi:7088\u001b[0m, in \u001b[0;36mpandas._libs.hashtable.PyObjectHashTable.get_item\u001b[1;34m()\u001b[0m\n",
      "\u001b[1;31mKeyError\u001b[0m: 'Custo_Frete'",
      "\nThe above exception was the direct cause of the following exception:\n",
      "\u001b[1;31mKeyError\u001b[0m                                  Traceback (most recent call last)",
      "Cell \u001b[1;32mIn[2], line 12\u001b[0m\n\u001b[0;32m      9\u001b[0m Vlr_Frete \u001b[38;5;241m=\u001b[39m Rotas_df[\u001b[38;5;124m'\u001b[39m\u001b[38;5;124mVlr.Frete\u001b[39m\u001b[38;5;124m'\u001b[39m]\u001b[38;5;241m.\u001b[39miloc[\u001b[38;5;241m0\u001b[39m]\n\u001b[0;32m     11\u001b[0m \u001b[38;5;66;03m# Comparar os custos de frete entre f치bricas e clientes\u001b[39;00m\n\u001b[1;32m---> 12\u001b[0m custo_fabricas \u001b[38;5;241m=\u001b[39m Fabricas_df[\u001b[38;5;124m'\u001b[39m\u001b[38;5;124mCusto_Frete\u001b[39m\u001b[38;5;124m'\u001b[39m]\u001b[38;5;241m.\u001b[39msum()\n\u001b[0;32m     13\u001b[0m custo_clientes \u001b[38;5;241m=\u001b[39m Clientes_df[\u001b[38;5;124m'\u001b[39m\u001b[38;5;124mCusto_Frete\u001b[39m\u001b[38;5;124m'\u001b[39m]\u001b[38;5;241m.\u001b[39msum()\n\u001b[0;32m     15\u001b[0m \u001b[38;5;66;03m# Exibir os resultados\u001b[39;00m\n",
      "File \u001b[1;32m~\\anaconda3\\Lib\\site-packages\\pandas\\core\\frame.py:3893\u001b[0m, in \u001b[0;36mDataFrame.__getitem__\u001b[1;34m(self, key)\u001b[0m\n\u001b[0;32m   3891\u001b[0m \u001b[38;5;28;01mif\u001b[39;00m \u001b[38;5;28mself\u001b[39m\u001b[38;5;241m.\u001b[39mcolumns\u001b[38;5;241m.\u001b[39mnlevels \u001b[38;5;241m>\u001b[39m \u001b[38;5;241m1\u001b[39m:\n\u001b[0;32m   3892\u001b[0m     \u001b[38;5;28;01mreturn\u001b[39;00m \u001b[38;5;28mself\u001b[39m\u001b[38;5;241m.\u001b[39m_getitem_multilevel(key)\n\u001b[1;32m-> 3893\u001b[0m indexer \u001b[38;5;241m=\u001b[39m \u001b[38;5;28mself\u001b[39m\u001b[38;5;241m.\u001b[39mcolumns\u001b[38;5;241m.\u001b[39mget_loc(key)\n\u001b[0;32m   3894\u001b[0m \u001b[38;5;28;01mif\u001b[39;00m is_integer(indexer):\n\u001b[0;32m   3895\u001b[0m     indexer \u001b[38;5;241m=\u001b[39m [indexer]\n",
      "File \u001b[1;32m~\\anaconda3\\Lib\\site-packages\\pandas\\core\\indexes\\base.py:3798\u001b[0m, in \u001b[0;36mIndex.get_loc\u001b[1;34m(self, key)\u001b[0m\n\u001b[0;32m   3793\u001b[0m     \u001b[38;5;28;01mif\u001b[39;00m \u001b[38;5;28misinstance\u001b[39m(casted_key, \u001b[38;5;28mslice\u001b[39m) \u001b[38;5;129;01mor\u001b[39;00m (\n\u001b[0;32m   3794\u001b[0m         \u001b[38;5;28misinstance\u001b[39m(casted_key, abc\u001b[38;5;241m.\u001b[39mIterable)\n\u001b[0;32m   3795\u001b[0m         \u001b[38;5;129;01mand\u001b[39;00m \u001b[38;5;28many\u001b[39m(\u001b[38;5;28misinstance\u001b[39m(x, \u001b[38;5;28mslice\u001b[39m) \u001b[38;5;28;01mfor\u001b[39;00m x \u001b[38;5;129;01min\u001b[39;00m casted_key)\n\u001b[0;32m   3796\u001b[0m     ):\n\u001b[0;32m   3797\u001b[0m         \u001b[38;5;28;01mraise\u001b[39;00m InvalidIndexError(key)\n\u001b[1;32m-> 3798\u001b[0m     \u001b[38;5;28;01mraise\u001b[39;00m \u001b[38;5;167;01mKeyError\u001b[39;00m(key) \u001b[38;5;28;01mfrom\u001b[39;00m \u001b[38;5;21;01merr\u001b[39;00m\n\u001b[0;32m   3799\u001b[0m \u001b[38;5;28;01mexcept\u001b[39;00m \u001b[38;5;167;01mTypeError\u001b[39;00m:\n\u001b[0;32m   3800\u001b[0m     \u001b[38;5;66;03m# If we have a listlike key, _check_indexing_error will raise\u001b[39;00m\n\u001b[0;32m   3801\u001b[0m     \u001b[38;5;66;03m#  InvalidIndexError. Otherwise we fall through and re-raise\u001b[39;00m\n\u001b[0;32m   3802\u001b[0m     \u001b[38;5;66;03m#  the TypeError.\u001b[39;00m\n\u001b[0;32m   3803\u001b[0m     \u001b[38;5;28mself\u001b[39m\u001b[38;5;241m.\u001b[39m_check_indexing_error(key)\n",
      "\u001b[1;31mKeyError\u001b[0m: 'Custo_Frete'"
     ]
    }
   ],
   "source": [
    "import pandas as pd\n",
    "\n",
    "# Carregar os dados das planilhas\n",
    "Fabricas_df = pd.read_csv(r'C:\\Users\\Noite\\Downloads\\Fabricas.csv', encoding='latin1')\n",
    "Clientes_df = pd.read_csv(r'C:\\Users\\Noite\\Downloads\\Clientes.csv', encoding='latin1')\n",
    "Rotas_df = pd.read_csv(r'C:\\Users\\Noite\\Downloads\\Rotas.csv', encoding='latin1')\n",
    "\n",
    "# Selecionar o valor do frete da primeira rota\n",
    "Vlr_Frete = Rotas_df['Vlr.Frete'].iloc[0]\n",
    "\n",
    "# Comparar os custos de frete entre f치bricas e clientes\n",
    "custo_fabricas = Fabricas_df['Custo_Frete'].sum()\n",
    "custo_clientes = Clientes_df['Custo_Frete'].sum()\n",
    "\n",
    "# Exibir os resultados\n",
    "print(\"Custo total de frete para as f치bricas:\", custo_fabricas)\n",
    "print(\"Custo total de frete para os clientes:\", custo_clientes)\n",
    "\n",
    "# Selecionar o valor do frete da primeira rota\n",
    "Vlr_Frete = Rotas_df['Vlr.Frete'].iloc[0]"
   ]
  },
  {
   "cell_type": "code",
   "execution_count": 3,
   "id": "a1eec0b0",
   "metadata": {},
   "outputs": [
    {
     "ename": "KeyError",
     "evalue": "'Custo_Frete'",
     "output_type": "error",
     "traceback": [
      "\u001b[1;31m---------------------------------------------------------------------------\u001b[0m",
      "\u001b[1;31mKeyError\u001b[0m                                  Traceback (most recent call last)",
      "File \u001b[1;32m~\\anaconda3\\Lib\\site-packages\\pandas\\core\\indexes\\base.py:3791\u001b[0m, in \u001b[0;36mIndex.get_loc\u001b[1;34m(self, key)\u001b[0m\n\u001b[0;32m   3790\u001b[0m \u001b[38;5;28;01mtry\u001b[39;00m:\n\u001b[1;32m-> 3791\u001b[0m     \u001b[38;5;28;01mreturn\u001b[39;00m \u001b[38;5;28mself\u001b[39m\u001b[38;5;241m.\u001b[39m_engine\u001b[38;5;241m.\u001b[39mget_loc(casted_key)\n\u001b[0;32m   3792\u001b[0m \u001b[38;5;28;01mexcept\u001b[39;00m \u001b[38;5;167;01mKeyError\u001b[39;00m \u001b[38;5;28;01mas\u001b[39;00m err:\n",
      "File \u001b[1;32mindex.pyx:152\u001b[0m, in \u001b[0;36mpandas._libs.index.IndexEngine.get_loc\u001b[1;34m()\u001b[0m\n",
      "File \u001b[1;32mindex.pyx:181\u001b[0m, in \u001b[0;36mpandas._libs.index.IndexEngine.get_loc\u001b[1;34m()\u001b[0m\n",
      "File \u001b[1;32mpandas\\_libs\\hashtable_class_helper.pxi:7080\u001b[0m, in \u001b[0;36mpandas._libs.hashtable.PyObjectHashTable.get_item\u001b[1;34m()\u001b[0m\n",
      "File \u001b[1;32mpandas\\_libs\\hashtable_class_helper.pxi:7088\u001b[0m, in \u001b[0;36mpandas._libs.hashtable.PyObjectHashTable.get_item\u001b[1;34m()\u001b[0m\n",
      "\u001b[1;31mKeyError\u001b[0m: 'Custo_Frete'",
      "\nThe above exception was the direct cause of the following exception:\n",
      "\u001b[1;31mKeyError\u001b[0m                                  Traceback (most recent call last)",
      "Cell \u001b[1;32mIn[3], line 12\u001b[0m\n\u001b[0;32m      9\u001b[0m Vlr_Frete \u001b[38;5;241m=\u001b[39m Rotas_df[\u001b[38;5;124m'\u001b[39m\u001b[38;5;124mVlr.Frete\u001b[39m\u001b[38;5;124m'\u001b[39m]\u001b[38;5;241m.\u001b[39miloc[\u001b[38;5;241m0\u001b[39m]\n\u001b[0;32m     11\u001b[0m \u001b[38;5;66;03m# Comparar os custos de frete entre f치bricas e clientes\u001b[39;00m\n\u001b[1;32m---> 12\u001b[0m custo_fabricas \u001b[38;5;241m=\u001b[39m Fabricas_df[\u001b[38;5;124m'\u001b[39m\u001b[38;5;124mCusto_Frete\u001b[39m\u001b[38;5;124m'\u001b[39m]\u001b[38;5;241m.\u001b[39msum()\n\u001b[0;32m     13\u001b[0m custo_clientes \u001b[38;5;241m=\u001b[39m Clientes_df[\u001b[38;5;124m'\u001b[39m\u001b[38;5;124mCusto_Frete\u001b[39m\u001b[38;5;124m'\u001b[39m]\u001b[38;5;241m.\u001b[39msum()\n\u001b[0;32m     15\u001b[0m \u001b[38;5;66;03m# Exibir os resultados\u001b[39;00m\n",
      "File \u001b[1;32m~\\anaconda3\\Lib\\site-packages\\pandas\\core\\frame.py:3893\u001b[0m, in \u001b[0;36mDataFrame.__getitem__\u001b[1;34m(self, key)\u001b[0m\n\u001b[0;32m   3891\u001b[0m \u001b[38;5;28;01mif\u001b[39;00m \u001b[38;5;28mself\u001b[39m\u001b[38;5;241m.\u001b[39mcolumns\u001b[38;5;241m.\u001b[39mnlevels \u001b[38;5;241m>\u001b[39m \u001b[38;5;241m1\u001b[39m:\n\u001b[0;32m   3892\u001b[0m     \u001b[38;5;28;01mreturn\u001b[39;00m \u001b[38;5;28mself\u001b[39m\u001b[38;5;241m.\u001b[39m_getitem_multilevel(key)\n\u001b[1;32m-> 3893\u001b[0m indexer \u001b[38;5;241m=\u001b[39m \u001b[38;5;28mself\u001b[39m\u001b[38;5;241m.\u001b[39mcolumns\u001b[38;5;241m.\u001b[39mget_loc(key)\n\u001b[0;32m   3894\u001b[0m \u001b[38;5;28;01mif\u001b[39;00m is_integer(indexer):\n\u001b[0;32m   3895\u001b[0m     indexer \u001b[38;5;241m=\u001b[39m [indexer]\n",
      "File \u001b[1;32m~\\anaconda3\\Lib\\site-packages\\pandas\\core\\indexes\\base.py:3798\u001b[0m, in \u001b[0;36mIndex.get_loc\u001b[1;34m(self, key)\u001b[0m\n\u001b[0;32m   3793\u001b[0m     \u001b[38;5;28;01mif\u001b[39;00m \u001b[38;5;28misinstance\u001b[39m(casted_key, \u001b[38;5;28mslice\u001b[39m) \u001b[38;5;129;01mor\u001b[39;00m (\n\u001b[0;32m   3794\u001b[0m         \u001b[38;5;28misinstance\u001b[39m(casted_key, abc\u001b[38;5;241m.\u001b[39mIterable)\n\u001b[0;32m   3795\u001b[0m         \u001b[38;5;129;01mand\u001b[39;00m \u001b[38;5;28many\u001b[39m(\u001b[38;5;28misinstance\u001b[39m(x, \u001b[38;5;28mslice\u001b[39m) \u001b[38;5;28;01mfor\u001b[39;00m x \u001b[38;5;129;01min\u001b[39;00m casted_key)\n\u001b[0;32m   3796\u001b[0m     ):\n\u001b[0;32m   3797\u001b[0m         \u001b[38;5;28;01mraise\u001b[39;00m InvalidIndexError(key)\n\u001b[1;32m-> 3798\u001b[0m     \u001b[38;5;28;01mraise\u001b[39;00m \u001b[38;5;167;01mKeyError\u001b[39;00m(key) \u001b[38;5;28;01mfrom\u001b[39;00m \u001b[38;5;21;01merr\u001b[39;00m\n\u001b[0;32m   3799\u001b[0m \u001b[38;5;28;01mexcept\u001b[39;00m \u001b[38;5;167;01mTypeError\u001b[39;00m:\n\u001b[0;32m   3800\u001b[0m     \u001b[38;5;66;03m# If we have a listlike key, _check_indexing_error will raise\u001b[39;00m\n\u001b[0;32m   3801\u001b[0m     \u001b[38;5;66;03m#  InvalidIndexError. Otherwise we fall through and re-raise\u001b[39;00m\n\u001b[0;32m   3802\u001b[0m     \u001b[38;5;66;03m#  the TypeError.\u001b[39;00m\n\u001b[0;32m   3803\u001b[0m     \u001b[38;5;28mself\u001b[39m\u001b[38;5;241m.\u001b[39m_check_indexing_error(key)\n",
      "\u001b[1;31mKeyError\u001b[0m: 'Custo_Frete'"
     ]
    }
   ],
   "source": [
    "import pandas as pd\n",
    "\n",
    "# Carregar os dados das planilhas\n",
    "Fabricas_df = pd.read_csv(r'C:\\Users\\Noite\\Downloads\\Fabricas.csv', encoding='latin1')\n",
    "Clientes_df = pd.read_csv(r'C:\\Users\\Noite\\Downloads\\Clientes.csv', encoding='latin1')\n",
    "Rotas_df = pd.read_csv(r'C:\\Users\\Noite\\Downloads\\Rotas.csv', encoding='latin1')\n",
    "\n",
    "# Selecionar o valor do frete da primeira rota\n",
    "Vlr_Frete = Rotas_df['Vlr.Frete'].iloc[0]\n",
    "\n",
    "# Comparar os custos de frete entre f치bricas e clientes\n",
    "custo_fabricas = Fabricas_df['CO.Fabrica'].sum()\n",
    "custo_clientes = Clientes_df['CO.Cliente'].sum()\n",
    "\n",
    "# Exibir os resultados\n",
    "print(\"Custo total de frete para as f치bricas:\", custo_fabricas)\n",
    "print(\"Custo total de frete para os clientes:\", custo_clientes)\n",
    "\n",
    "# Selecionar o valor do frete da primeira rota\n",
    "Vlr_Frete = Rotas_df['Vlr.Frete'].iloc[0]"
   ]
  },
  {
   "cell_type": "code",
   "execution_count": 4,
   "id": "154f5cf8",
   "metadata": {},
   "outputs": [
    {
     "name": "stdout",
     "output_type": "stream",
     "text": [
      "Custo total de frete para as f치bricas: 10251519\n",
      "Custo total de frete para os clientes: 118626\n"
     ]
    }
   ],
   "source": [
    "import pandas as pd\n",
    "\n",
    "# Carregar os dados das planilhas\n",
    "Fabricas_df = pd.read_csv(r'C:\\Users\\Noite\\Downloads\\Fabricas.csv', encoding='latin1')\n",
    "Clientes_df = pd.read_csv(r'C:\\Users\\Noite\\Downloads\\Clientes.csv', encoding='latin1')\n",
    "Rotas_df = pd.read_csv(r'C:\\Users\\Noite\\Downloads\\Rotas.csv', encoding='latin1')\n",
    "\n",
    "# Selecionar o valor do frete da primeira rota\n",
    "Vlr_Frete = Rotas_df['Vlr.Frete'].iloc[0]\n",
    "\n",
    "# Comparar os custos de frete entre f치bricas e clientes\n",
    "custo_fabricas = Fabricas_df['CO.Fabrica'].sum()\n",
    "custo_clientes = Clientes_df['CO.Cliente'].sum()\n",
    "\n",
    "# Exibir os resultados\n",
    "print(\"Custo total de frete para as f치bricas:\", custo_fabricas)\n",
    "print(\"Custo total de frete para os clientes:\", custo_clientes)\n",
    "\n",
    "# Selecionar o valor do frete da primeira rota\n",
    "Vlr_Frete = Rotas_df['Vlr.Frete'].iloc[0]"
   ]
  },
  {
   "cell_type": "code",
   "execution_count": 5,
   "id": "26ff6fea",
   "metadata": {},
   "outputs": [
    {
     "name": "stdout",
     "output_type": "stream",
     "text": [
      "Custo total de frete para as f치bricas: 10251519\n",
      "Custo total de frete para os clientes: 118626\n"
     ]
    }
   ],
   "source": [
    "import pandas as pd\n",
    "\n",
    "# Carregar os dados das planilhas\n",
    "Fabricas_df = pd.read_csv(r'C:\\Users\\Noite\\Downloads\\Fabricas.csv', encoding='latin1')\n",
    "Clientes_df = pd.read_csv(r'C:\\Users\\Noite\\Downloads\\Clientes.csv', encoding='latin1')\n",
    "Rotas_df = pd.read_csv(r'C:\\Users\\Noite\\Downloads\\Rotas.csv', encoding='latin1')\n",
    "\n",
    "# Selecionar o valor do frete da primeira rota\n",
    "Vlr_Frete = Rotas_df['Vlr.Frete'].iloc[0]\n",
    "\n",
    "# Comparar os custos de frete entre f치bricas e clientes\n",
    "custo_fabricas = Fabricas_df['CO.Fabrica'].sum()\n",
    "custo_clientes = Clientes_df['CO.Cliente'].sum()\n",
    "\n",
    "# Exibir os resultados\n",
    "print(\"Custo total de frete para as f치bricas:\", custo_fabricas)\n",
    "print(\"Custo total de frete para os clientes:\", custo_clientes)"
   ]
  },
  {
   "cell_type": "code",
   "execution_count": null,
   "id": "6a093980",
   "metadata": {},
   "outputs": [],
   "source": []
  }
 ],
 "metadata": {
  "kernelspec": {
   "display_name": "Python 3 (ipykernel)",
   "language": "python",
   "name": "python3"
  },
  "language_info": {
   "codemirror_mode": {
    "name": "ipython",
    "version": 3
   },
   "file_extension": ".py",
   "mimetype": "text/x-python",
   "name": "python",
   "nbconvert_exporter": "python",
   "pygments_lexer": "ipython3",
   "version": "3.11.7"
  }
 },
 "nbformat": 4,
 "nbformat_minor": 5
}
